This file contains any messages produced by compilers while
running configure, to aid debugging if configure makes a mistake.

It was created by configure, which was
generated by GNU Autoconf 2.65.  Invocation command line was

  $ ./configure --disable-option-checking --prefix=/usr/local --with-sdl --with-sdl-gl --with-sdl-gfx --with-sdl-sound --with-caps --with-gayle --enable-drvsnd --enable-amax --enable-cd32 --enable-scsi-device --cache-file=/dev/null --srcdir=.

## --------- ##
## Platform. ##
## --------- ##

hostname = GnoStiC-dv7
uname -m = i686
uname -r = 2.6.32-21-generic
uname -s = Linux
uname -v = #32-Ubuntu SMP Fri Apr 16 08:10:02 UTC 2010

/usr/bin/uname -p = unknown
/bin/uname -X     = unknown

/bin/arch              = unknown
/usr/bin/arch -k       = unknown
/usr/convex/getsysinfo = unknown
/usr/bin/hostinfo      = unknown
/bin/machine           = unknown
/usr/bin/oslevel       = unknown
/bin/universe          = unknown

PATH: NONE/bin
PATH: NONE/usr/bin
PATH: /usr/local/sbin
PATH: /usr/local/bin
PATH: /usr/sbin
PATH: /usr/bin
PATH: /sbin
PATH: /bin
PATH: /usr/games


## ----------- ##
## Core tests. ##
## ----------- ##

configure:2280: checking build system type
configure:2294: result: i686-pc-linux-gnu
configure:2314: checking host system type
configure:2327: result: i686-pc-linux-gnu
configure:2347: checking target system type
configure:2360: result: i686-pc-linux-gnu
configure:2435: checking for gcc
configure:2451: found /usr/bin/gcc
configure:2462: result: gcc
configure:2691: checking for C compiler version
configure:2700: gcc --version >&5
gcc (Ubuntu 4.4.3-4ubuntu5) 4.4.3
Copyright (C) 2009 Free Software Foundation, Inc.
This is free software; see the source for copying conditions.  There is NO
warranty; not even for MERCHANTABILITY or FITNESS FOR A PARTICULAR PURPOSE.

configure:2711: $? = 0
configure:2700: gcc -v >&5
Using built-in specs.
Target: i486-linux-gnu
Configured with: ../src/configure -v --with-pkgversion='Ubuntu 4.4.3-4ubuntu5' --with-bugurl=file:///usr/share/doc/gcc-4.4/README.Bugs --enable-languages=c,c++,fortran,objc,obj-c++ --prefix=/usr --enable-shared --enable-multiarch --enable-linker-build-id --with-system-zlib --libexecdir=/usr/lib --without-included-gettext --enable-threads=posix --with-gxx-include-dir=/usr/include/c++/4.4 --program-suffix=-4.4 --enable-nls --enable-clocale=gnu --enable-libstdcxx-debug --enable-plugin --enable-objc-gc --enable-targets=all --disable-werror --with-arch-32=i486 --with-tune=generic --enable-checking=release --build=i486-linux-gnu --host=i486-linux-gnu --target=i486-linux-gnu
Thread model: posix
gcc version 4.4.3 (Ubuntu 4.4.3-4ubuntu5) 
configure:2711: $? = 0
configure:2700: gcc -V >&5
gcc: '-V' option must have argument
configure:2711: $? = 1
configure:2700: gcc -qversion >&5
gcc: unrecognized option '-qversion'
gcc: no input files
configure:2711: $? = 1
configure:2731: checking whether the C compiler works
configure:2753: gcc    conftest.c  >&5
configure:2757: $? = 0
configure:2806: result: yes
configure:2809: checking for C compiler default output file name
configure:2811: result: a.out
configure:2817: checking for suffix of executables
configure:2824: gcc -o conftest    conftest.c  >&5
configure:2828: $? = 0
configure:2850: result: 
configure:2872: checking whether we are cross compiling
configure:2880: gcc -o conftest    conftest.c  >&5
configure:2884: $? = 0
configure:2891: ./conftest
configure:2895: $? = 0
configure:2910: result: no
configure:2915: checking for suffix of object files
configure:2937: gcc -c   conftest.c >&5
configure:2941: $? = 0
configure:2962: result: o
configure:2966: checking whether we are using the GNU C compiler
configure:2985: gcc -c   conftest.c >&5
configure:2985: $? = 0
configure:2994: result: yes
configure:3003: checking whether gcc accepts -g
configure:3023: gcc -c -g  conftest.c >&5
configure:3023: $? = 0
configure:3064: result: yes
configure:3081: checking for gcc option to accept ISO C89
configure:3145: gcc  -c -g -O2  conftest.c >&5
configure:3145: $? = 0
configure:3158: result: none needed
configure:3183: checking how to run the C preprocessor
configure:3214: gcc -E  conftest.c
configure:3214: $? = 0
configure:3228: gcc -E  conftest.c
conftest.c:9:28: error: ac_nonexistent.h: No such file or directory
configure:3228: $? = 1
configure: failed program was:
| /* confdefs.h */
| #define PACKAGE_NAME ""
| #define PACKAGE_TARNAME ""
| #define PACKAGE_VERSION ""
| #define PACKAGE_STRING ""
| #define PACKAGE_BUGREPORT ""
| #define PACKAGE_URL ""
| /* end confdefs.h.  */
| #include <ac_nonexistent.h>
configure:3253: result: gcc -E
configure:3273: gcc -E  conftest.c
configure:3273: $? = 0
configure:3287: gcc -E  conftest.c
conftest.c:9:28: error: ac_nonexistent.h: No such file or directory
configure:3287: $? = 1
configure: failed program was:
| /* confdefs.h */
| #define PACKAGE_NAME ""
| #define PACKAGE_TARNAME ""
| #define PACKAGE_VERSION ""
| #define PACKAGE_STRING ""
| #define PACKAGE_BUGREPORT ""
| #define PACKAGE_URL ""
| /* end confdefs.h.  */
| #include <ac_nonexistent.h>
configure:3315: checking whether make sets $(MAKE)
configure:3337: result: yes
configure:3360: checking for a BSD-compatible install
configure:3428: result: /usr/bin/install -c
configure:3442: checking for grep that handles long lines and -e
configure:3500: result: /bin/grep
configure:3505: checking for egrep
configure:3567: result: /bin/grep -E
configure:3572: checking for ANSI C header files
configure:3592: gcc -c -g -O2  conftest.c >&5
configure:3592: $? = 0
configure:3665: gcc -o conftest -g -O2   conftest.c  >&5
configure:3665: $? = 0
configure:3665: ./conftest
configure:3665: $? = 0
configure:3676: result: yes
configure:3689: checking for sys/types.h
configure:3689: gcc -c -g -O2  conftest.c >&5
configure:3689: $? = 0
configure:3689: result: yes
configure:3689: checking for sys/stat.h
configure:3689: gcc -c -g -O2  conftest.c >&5
configure:3689: $? = 0
configure:3689: result: yes
configure:3689: checking for stdlib.h
configure:3689: gcc -c -g -O2  conftest.c >&5
configure:3689: $? = 0
configure:3689: result: yes
configure:3689: checking for string.h
configure:3689: gcc -c -g -O2  conftest.c >&5
configure:3689: $? = 0
configure:3689: result: yes
configure:3689: checking for memory.h
configure:3689: gcc -c -g -O2  conftest.c >&5
configure:3689: $? = 0
configure:3689: result: yes
configure:3689: checking for strings.h
configure:3689: gcc -c -g -O2  conftest.c >&5
configure:3689: $? = 0
configure:3689: result: yes
configure:3689: checking for inttypes.h
configure:3689: gcc -c -g -O2  conftest.c >&5
configure:3689: $? = 0
configure:3689: result: yes
configure:3689: checking for stdint.h
configure:3689: gcc -c -g -O2  conftest.c >&5
configure:3689: $? = 0
configure:3689: result: yes
configure:3689: checking for unistd.h
configure:3689: gcc -c -g -O2  conftest.c >&5
configure:3689: $? = 0
configure:3689: result: yes
configure:3703: checking minix/config.h usability
configure:3703: gcc -c -g -O2  conftest.c >&5
conftest.c:52:26: error: minix/config.h: No such file or directory
configure:3703: $? = 1
configure: failed program was:
| /* confdefs.h */
| #define PACKAGE_NAME ""
| #define PACKAGE_TARNAME ""
| #define PACKAGE_VERSION ""
| #define PACKAGE_STRING ""
| #define PACKAGE_BUGREPORT ""
| #define PACKAGE_URL ""
| #define STDC_HEADERS 1
| #define HAVE_SYS_TYPES_H 1
| #define HAVE_SYS_STAT_H 1
| #define HAVE_STDLIB_H 1
| #define HAVE_STRING_H 1
| #define HAVE_MEMORY_H 1
| #define HAVE_STRINGS_H 1
| #define HAVE_INTTYPES_H 1
| #define HAVE_STDINT_H 1
| #define HAVE_UNISTD_H 1
| /* end confdefs.h.  */
| #include <stdio.h>
| #ifdef HAVE_SYS_TYPES_H
| # include <sys/types.h>
| #endif
| #ifdef HAVE_SYS_STAT_H
| # include <sys/stat.h>
| #endif
| #ifdef STDC_HEADERS
| # include <stdlib.h>
| # include <stddef.h>
| #else
| # ifdef HAVE_STDLIB_H
| #  include <stdlib.h>
| # endif
| #endif
| #ifdef HAVE_STRING_H
| # if !defined STDC_HEADERS && defined HAVE_MEMORY_H
| #  include <memory.h>
| # endif
| # include <string.h>
| #endif
| #ifdef HAVE_STRINGS_H
| # include <strings.h>
| #endif
| #ifdef HAVE_INTTYPES_H
| # include <inttypes.h>
| #endif
| #ifdef HAVE_STDINT_H
| # include <stdint.h>
| #endif
| #ifdef HAVE_UNISTD_H
| # include <unistd.h>
| #endif
| #include <minix/config.h>
configure:3703: result: no
configure:3703: checking minix/config.h presence
configure:3703: gcc -E  conftest.c
conftest.c:19:26: error: minix/config.h: No such file or directory
configure:3703: $? = 1
configure: failed program was:
| /* confdefs.h */
| #define PACKAGE_NAME ""
| #define PACKAGE_TARNAME ""
| #define PACKAGE_VERSION ""
| #define PACKAGE_STRING ""
| #define PACKAGE_BUGREPORT ""
| #define PACKAGE_URL ""
| #define STDC_HEADERS 1
| #define HAVE_SYS_TYPES_H 1
| #define HAVE_SYS_STAT_H 1
| #define HAVE_STDLIB_H 1
| #define HAVE_STRING_H 1
| #define HAVE_MEMORY_H 1
| #define HAVE_STRINGS_H 1
| #define HAVE_INTTYPES_H 1
| #define HAVE_STDINT_H 1
| #define HAVE_UNISTD_H 1
| /* end confdefs.h.  */
| #include <minix/config.h>
configure:3703: result: no
configure:3703: checking for minix/config.h
configure:3703: result: no
configure:3724: checking whether it is safe to define __EXTENSIONS__
configure:3742: gcc -c -g -O2  conftest.c >&5
configure:3742: $? = 0
configure:3749: result: yes
configure:3764: checking for library containing strerror
configure:3795: gcc -o conftest -g -O2   conftest.c  >&5
configure:3795: $? = 0
configure:3812: result: none required
configure:3821: checking for ANSI C header files
configure:3925: result: yes
configure:3934: checking for an ANSI C-conforming const
configure:3999: gcc -c -g -O2  conftest.c >&5
configure:3999: $? = 0
configure:4006: result: yes
configure:4014: checking for inline
configure:4030: gcc -c -g -O2  conftest.c >&5
configure:4030: $? = 0
configure:4038: result: inline
configure:4061: checking size of char
configure:4066: gcc -o conftest -g -O2   conftest.c  >&5
configure:4066: $? = 0
configure:4066: ./conftest
configure:4066: $? = 0
configure:4081: result: 1
configure:4095: checking size of short
configure:4100: gcc -o conftest -g -O2   conftest.c  >&5
configure:4100: $? = 0
configure:4100: ./conftest
configure:4100: $? = 0
configure:4115: result: 2
configure:4129: checking size of int
configure:4134: gcc -o conftest -g -O2   conftest.c  >&5
configure:4134: $? = 0
configure:4134: ./conftest
configure:4134: $? = 0
configure:4149: result: 4
configure:4163: checking size of long
configure:4168: gcc -o conftest -g -O2   conftest.c  >&5
configure:4168: $? = 0
configure:4168: ./conftest
configure:4168: $? = 0
configure:4183: result: 4
configure:4197: checking size of long long
configure:4202: gcc -o conftest -g -O2   conftest.c  >&5
configure:4202: $? = 0
configure:4202: ./conftest
configure:4202: $? = 0
configure:4217: result: 8
configure:4231: checking size of __int64
configure:4236: gcc -o conftest -g -O2   conftest.c  >&5
conftest.c: In function 'longval':
conftest.c:63: error: '__int64' undeclared (first use in this function)
conftest.c:63: error: (Each undeclared identifier is reported only once
conftest.c:63: error: for each function it appears in.)
conftest.c: In function 'ulongval':
conftest.c:64: error: '__int64' undeclared (first use in this function)
conftest.c: In function 'main':
conftest.c:74: error: '__int64' undeclared (first use in this function)
configure:4236: $? = 1
configure: program exited with status 1
configure: failed program was:
| /* confdefs.h */
| #define PACKAGE_NAME ""
| #define PACKAGE_TARNAME ""
| #define PACKAGE_VERSION ""
| #define PACKAGE_STRING ""
| #define PACKAGE_BUGREPORT ""
| #define PACKAGE_URL ""
| #define STDC_HEADERS 1
| #define HAVE_SYS_TYPES_H 1
| #define HAVE_SYS_STAT_H 1
| #define HAVE_STDLIB_H 1
| #define HAVE_STRING_H 1
| #define HAVE_MEMORY_H 1
| #define HAVE_STRINGS_H 1
| #define HAVE_INTTYPES_H 1
| #define HAVE_STDINT_H 1
| #define HAVE_UNISTD_H 1
| #define __EXTENSIONS__ 1
| #define _ALL_SOURCE 1
| #define _GNU_SOURCE 1
| #define _POSIX_PTHREAD_SEMANTICS 1
| #define _TANDEM_SOURCE 1
| #define STDC_HEADERS 1
| #define SIZEOF_CHAR 1
| #define SIZEOF_SHORT 2
| #define SIZEOF_INT 4
| #define SIZEOF_LONG 4
| #define SIZEOF_LONG_LONG 8
| /* end confdefs.h.  */
| #include <stdio.h>
| #ifdef HAVE_SYS_TYPES_H
| # include <sys/types.h>
| #endif
| #ifdef HAVE_SYS_STAT_H
| # include <sys/stat.h>
| #endif
| #ifdef STDC_HEADERS
| # include <stdlib.h>
| # include <stddef.h>
| #else
| # ifdef HAVE_STDLIB_H
| #  include <stdlib.h>
| # endif
| #endif
| #ifdef HAVE_STRING_H
| # if !defined STDC_HEADERS && defined HAVE_MEMORY_H
| #  include <memory.h>
| # endif
| # include <string.h>
| #endif
| #ifdef HAVE_STRINGS_H
| # include <strings.h>
| #endif
| #ifdef HAVE_INTTYPES_H
| # include <inttypes.h>
| #endif
| #ifdef HAVE_STDINT_H
| # include <stdint.h>
| #endif
| #ifdef HAVE_UNISTD_H
| # include <unistd.h>
| #endif
| static long int longval () { return (long int) (sizeof (__int64)); }
| static unsigned long int ulongval () { return (long int) (sizeof (__int64)); }
| #include <stdio.h>
| #include <stdlib.h>
| int
| main ()
| {
| 
|   FILE *f = fopen ("conftest.val", "w");
|   if (! f)
|     return 1;
|   if (((long int) (sizeof (__int64))) < 0)
|     {
|       long int i = longval ();
|       if (i != ((long int) (sizeof (__int64))))
| 	return 1;
|       fprintf (f, "%ld", i);
|     }
|   else
|     {
|       unsigned long int i = ulongval ();
|       if (i != ((long int) (sizeof (__int64))))
| 	return 1;
|       fprintf (f, "%lu", i);
|     }
|   /* Do not output a trailing newline, as this causes \r\n confusion
|      on some platforms.  */
|   return ferror (f) || fclose (f) != 0;
| 
|   ;
|   return 0;
| }
configure:4251: result: 0
configure:4265: checking size of void *
configure:4270: gcc -o conftest -g -O2   conftest.c  >&5
configure:4270: $? = 0
configure:4270: ./conftest
configure:4270: $? = 0
configure:4285: result: 4
configure:4301: checking whether gcc needs -traditional
configure:4335: result: no
configure:4344: checking for vprintf
configure:4344: gcc -o conftest -g -O2 -Wall -W -Wno-unused   conftest.c  >&5
conftest.c:55: warning: conflicting types for built-in function 'vprintf'
configure:4344: $? = 0
configure:4344: result: yes
configure:4350: checking for _doprnt
configure:4350: gcc -o conftest -g -O2 -Wall -W -Wno-unused   conftest.c  >&5
/tmp/ccS2CdhX.o: In function `main':
/home/gnostic/puaex/src/tools/conftest.c:67: undefined reference to `_doprnt'
collect2: ld returned 1 exit status
configure:4350: $? = 1
configure: failed program was:
| /* confdefs.h */
| #define PACKAGE_NAME ""
| #define PACKAGE_TARNAME ""
| #define PACKAGE_VERSION ""
| #define PACKAGE_STRING ""
| #define PACKAGE_BUGREPORT ""
| #define PACKAGE_URL ""
| #define STDC_HEADERS 1
| #define HAVE_SYS_TYPES_H 1
| #define HAVE_SYS_STAT_H 1
| #define HAVE_STDLIB_H 1
| #define HAVE_STRING_H 1
| #define HAVE_MEMORY_H 1
| #define HAVE_STRINGS_H 1
| #define HAVE_INTTYPES_H 1
| #define HAVE_STDINT_H 1
| #define HAVE_UNISTD_H 1
| #define __EXTENSIONS__ 1
| #define _ALL_SOURCE 1
| #define _GNU_SOURCE 1
| #define _POSIX_PTHREAD_SEMANTICS 1
| #define _TANDEM_SOURCE 1
| #define STDC_HEADERS 1
| #define SIZEOF_CHAR 1
| #define SIZEOF_SHORT 2
| #define SIZEOF_INT 4
| #define SIZEOF_LONG 4
| #define SIZEOF_LONG_LONG 8
| #define SIZEOF___INT64 0
| #define SIZEOF_VOID_P 4
| #define HAVE_VPRINTF 1
| /* end confdefs.h.  */
| /* Define _doprnt to an innocuous variant, in case <limits.h> declares _doprnt.
|    For example, HP-UX 11i <limits.h> declares gettimeofday.  */
| #define _doprnt innocuous__doprnt
| 
| /* System header to define __stub macros and hopefully few prototypes,
|     which can conflict with char _doprnt (); below.
|     Prefer <limits.h> to <assert.h> if __STDC__ is defined, since
|     <limits.h> exists even on freestanding compilers.  */
| 
| #ifdef __STDC__
| # include <limits.h>
| #else
| # include <assert.h>
| #endif
| 
| #undef _doprnt
| 
| /* Override any GCC internal prototype to avoid an error.
|    Use char because int might match the return type of a GCC
|    builtin and then its argument prototype would still apply.  */
| #ifdef __cplusplus
| extern "C"
| #endif
| char _doprnt ();
| /* The GNU C library defines this for functions which it implements
|     to always fail with ENOSYS.  Some functions are actually named
|     something starting with __ and the normal name is an alias.  */
| #if defined __stub__doprnt || defined __stub____doprnt
| choke me
| #endif
| 
| int
| main ()
| {
| return _doprnt ();
|   ;
|   return 0;
| }
configure:4350: result: no
configure:4364: checking for strdup
configure:4364: gcc -o conftest -g -O2 -Wall -W -Wno-unused   conftest.c  >&5
conftest.c:56: warning: conflicting types for built-in function 'strdup'
configure:4364: $? = 0
configure:4364: result: yes
configure:4364: checking for strcasecmp
configure:4364: gcc -o conftest -g -O2 -Wall -W -Wno-unused   conftest.c  >&5
conftest.c:57: warning: conflicting types for built-in function 'strcasecmp'
configure:4364: $? = 0
configure:4364: result: yes
configure:4364: checking for strcmpi
configure:4364: gcc -o conftest -g -O2 -Wall -W -Wno-unused   conftest.c  >&5
/tmp/ccJt7cQ4.o: In function `main':
/home/gnostic/puaex/src/tools/conftest.c:69: undefined reference to `strcmpi'
collect2: ld returned 1 exit status
configure:4364: $? = 1
configure: failed program was:
| /* confdefs.h */
| #define PACKAGE_NAME ""
| #define PACKAGE_TARNAME ""
| #define PACKAGE_VERSION ""
| #define PACKAGE_STRING ""
| #define PACKAGE_BUGREPORT ""
| #define PACKAGE_URL ""
| #define STDC_HEADERS 1
| #define HAVE_SYS_TYPES_H 1
| #define HAVE_SYS_STAT_H 1
| #define HAVE_STDLIB_H 1
| #define HAVE_STRING_H 1
| #define HAVE_MEMORY_H 1
| #define HAVE_STRINGS_H 1
| #define HAVE_INTTYPES_H 1
| #define HAVE_STDINT_H 1
| #define HAVE_UNISTD_H 1
| #define __EXTENSIONS__ 1
| #define _ALL_SOURCE 1
| #define _GNU_SOURCE 1
| #define _POSIX_PTHREAD_SEMANTICS 1
| #define _TANDEM_SOURCE 1
| #define STDC_HEADERS 1
| #define SIZEOF_CHAR 1
| #define SIZEOF_SHORT 2
| #define SIZEOF_INT 4
| #define SIZEOF_LONG 4
| #define SIZEOF_LONG_LONG 8
| #define SIZEOF___INT64 0
| #define SIZEOF_VOID_P 4
| #define HAVE_VPRINTF 1
| #define HAVE_STRDUP 1
| #define HAVE_STRCASECMP 1
| /* end confdefs.h.  */
| /* Define strcmpi to an innocuous variant, in case <limits.h> declares strcmpi.
|    For example, HP-UX 11i <limits.h> declares gettimeofday.  */
| #define strcmpi innocuous_strcmpi
| 
| /* System header to define __stub macros and hopefully few prototypes,
|     which can conflict with char strcmpi (); below.
|     Prefer <limits.h> to <assert.h> if __STDC__ is defined, since
|     <limits.h> exists even on freestanding compilers.  */
| 
| #ifdef __STDC__
| # include <limits.h>
| #else
| # include <assert.h>
| #endif
| 
| #undef strcmpi
| 
| /* Override any GCC internal prototype to avoid an error.
|    Use char because int might match the return type of a GCC
|    builtin and then its argument prototype would still apply.  */
| #ifdef __cplusplus
| extern "C"
| #endif
| char strcmpi ();
| /* The GNU C library defines this for functions which it implements
|     to always fail with ENOSYS.  Some functions are actually named
|     something starting with __ and the normal name is an alias.  */
| #if defined __stub_strcmpi || defined __stub___strcmpi
| choke me
| #endif
| 
| int
| main ()
| {
| return strcmpi ();
|   ;
|   return 0;
| }
configure:4364: result: no
configure:4364: checking for stricmp
configure:4364: gcc -o conftest -g -O2 -Wall -W -Wno-unused   conftest.c  >&5
/tmp/ccaolMG6.o: In function `main':
/home/gnostic/puaex/src/tools/conftest.c:69: undefined reference to `stricmp'
collect2: ld returned 1 exit status
configure:4364: $? = 1
configure: failed program was:
| /* confdefs.h */
| #define PACKAGE_NAME ""
| #define PACKAGE_TARNAME ""
| #define PACKAGE_VERSION ""
| #define PACKAGE_STRING ""
| #define PACKAGE_BUGREPORT ""
| #define PACKAGE_URL ""
| #define STDC_HEADERS 1
| #define HAVE_SYS_TYPES_H 1
| #define HAVE_SYS_STAT_H 1
| #define HAVE_STDLIB_H 1
| #define HAVE_STRING_H 1
| #define HAVE_MEMORY_H 1
| #define HAVE_STRINGS_H 1
| #define HAVE_INTTYPES_H 1
| #define HAVE_STDINT_H 1
| #define HAVE_UNISTD_H 1
| #define __EXTENSIONS__ 1
| #define _ALL_SOURCE 1
| #define _GNU_SOURCE 1
| #define _POSIX_PTHREAD_SEMANTICS 1
| #define _TANDEM_SOURCE 1
| #define STDC_HEADERS 1
| #define SIZEOF_CHAR 1
| #define SIZEOF_SHORT 2
| #define SIZEOF_INT 4
| #define SIZEOF_LONG 4
| #define SIZEOF_LONG_LONG 8
| #define SIZEOF___INT64 0
| #define SIZEOF_VOID_P 4
| #define HAVE_VPRINTF 1
| #define HAVE_STRDUP 1
| #define HAVE_STRCASECMP 1
| /* end confdefs.h.  */
| /* Define stricmp to an innocuous variant, in case <limits.h> declares stricmp.
|    For example, HP-UX 11i <limits.h> declares gettimeofday.  */
| #define stricmp innocuous_stricmp
| 
| /* System header to define __stub macros and hopefully few prototypes,
|     which can conflict with char stricmp (); below.
|     Prefer <limits.h> to <assert.h> if __STDC__ is defined, since
|     <limits.h> exists even on freestanding compilers.  */
| 
| #ifdef __STDC__
| # include <limits.h>
| #else
| # include <assert.h>
| #endif
| 
| #undef stricmp
| 
| /* Override any GCC internal prototype to avoid an error.
|    Use char because int might match the return type of a GCC
|    builtin and then its argument prototype would still apply.  */
| #ifdef __cplusplus
| extern "C"
| #endif
| char stricmp ();
| /* The GNU C library defines this for functions which it implements
|     to always fail with ENOSYS.  Some functions are actually named
|     something starting with __ and the normal name is an alias.  */
| #if defined __stub_stricmp || defined __stub___stricmp
| choke me
| #endif
| 
| int
| main ()
| {
| return stricmp ();
|   ;
|   return 0;
| }
configure:4364: result: no
configure:4496: creating ./config.status

## ---------------------- ##
## Running config.status. ##
## ---------------------- ##

This file was extended by config.status, which was
generated by GNU Autoconf 2.65.  Invocation command line was

  CONFIG_FILES    = 
  CONFIG_HEADERS  = 
  CONFIG_LINKS    = 
  CONFIG_COMMANDS = 
  $ ./config.status 

on GnoStiC-dv7

config.status:849: creating Makefile
config.status:849: creating sysconfig.h
config.status:1015: sysconfig.h is unchanged
config.status:1041: linking ../missing.c to missing.c
config.status:1041: linking ../writelog.c to writelog.c
config.status:1041: linking ../readcpu.c to readcpu.c
config.status:1041: linking ../build68k.c to build68k.c
config.status:1041: linking ../gencpu.c to gencpu.c
config.status:1041: linking ../gencomp.c to gencomp.c
config.status:1041: linking ../genblitter.c to genblitter.c
config.status:1041: linking ../blitops.c to blitops.c
config.status:1041: linking ../genlinetoscr.c to genlinetoscr.c

## ---------------- ##
## Cache variables. ##
## ---------------- ##

ac_cv_build=i686-pc-linux-gnu
ac_cv_c_compiler_gnu=yes
ac_cv_c_const=yes
ac_cv_c_inline=inline
ac_cv_env_CC_set=
ac_cv_env_CC_value=
ac_cv_env_CFLAGS_set=
ac_cv_env_CFLAGS_value=
ac_cv_env_CPPFLAGS_set=
ac_cv_env_CPPFLAGS_value=
ac_cv_env_CPP_set=
ac_cv_env_CPP_value=
ac_cv_env_LDFLAGS_set=
ac_cv_env_LDFLAGS_value=
ac_cv_env_LIBS_set=
ac_cv_env_LIBS_value=
ac_cv_env_build_alias_set=
ac_cv_env_build_alias_value=
ac_cv_env_host_alias_set=
ac_cv_env_host_alias_value=
ac_cv_env_target_alias_set=
ac_cv_env_target_alias_value=
ac_cv_func__doprnt=no
ac_cv_func_strcasecmp=yes
ac_cv_func_strcmpi=no
ac_cv_func_strdup=yes
ac_cv_func_stricmp=no
ac_cv_func_vprintf=yes
ac_cv_header_inttypes_h=yes
ac_cv_header_memory_h=yes
ac_cv_header_minix_config_h=no
ac_cv_header_stdc=yes
ac_cv_header_stdint_h=yes
ac_cv_header_stdlib_h=yes
ac_cv_header_string_h=yes
ac_cv_header_strings_h=yes
ac_cv_header_sys_stat_h=yes
ac_cv_header_sys_types_h=yes
ac_cv_header_unistd_h=yes
ac_cv_host=i686-pc-linux-gnu
ac_cv_objext=o
ac_cv_path_EGREP='/bin/grep -E'
ac_cv_path_GREP=/bin/grep
ac_cv_path_install='/usr/bin/install -c'
ac_cv_prog_CPP='gcc -E'
ac_cv_prog_ac_ct_CC=gcc
ac_cv_prog_cc_c89=
ac_cv_prog_cc_g=yes
ac_cv_prog_gcc_traditional=no
ac_cv_prog_make_make_set=yes
ac_cv_safe_to_define___extensions__=yes
ac_cv_search_strerror='none required'
ac_cv_sizeof___int64=0
ac_cv_sizeof_char=1
ac_cv_sizeof_int=4
ac_cv_sizeof_long=4
ac_cv_sizeof_long_long=8
ac_cv_sizeof_short=2
ac_cv_sizeof_void_p=4
ac_cv_target=i686-pc-linux-gnu

## ----------------- ##
## Output variables. ##
## ----------------- ##

CC='gcc'
CFLAGS='-g -O2 -Wall -W -Wno-unused'
CPP='gcc -E'
CPPFLAGS=''
DEFS='-DHAVE_CONFIG_H'
ECHO_C=''
ECHO_N='-n'
ECHO_T=''
EGREP='/bin/grep -E'
EXEEXT=''
GREP='/bin/grep'
INSTALL_DATA='${INSTALL} -m 644'
INSTALL_PROGRAM='${INSTALL}'
INSTALL_SCRIPT='${INSTALL}'
LDFLAGS=''
LIBOBJS=''
LIBS=''
LTLIBOBJS=''
OBJEXT='o'
PACKAGE_BUGREPORT=''
PACKAGE_NAME=''
PACKAGE_STRING=''
PACKAGE_TARNAME=''
PACKAGE_URL=''
PACKAGE_VERSION=''
PATH_SEPARATOR=':'
SET_MAKE=''
SHELL='/bin/bash'
ac_ct_CC='gcc'
ac_cv_c_inline='inline'
bindir='${exec_prefix}/bin'
build='i686-pc-linux-gnu'
build_alias=''
build_cpu='i686'
build_os='linux-gnu'
build_vendor='pc'
datadir='${datarootdir}'
datarootdir='${prefix}/share'
docdir='${datarootdir}/doc/${PACKAGE}'
dvidir='${docdir}'
exec_prefix='${prefix}'
host='i686-pc-linux-gnu'
host_alias=''
host_cpu='i686'
host_os='linux-gnu'
host_vendor='pc'
htmldir='${docdir}'
includedir='${prefix}/include'
infodir='${datarootdir}/info'
libdir='${exec_prefix}/lib'
libexecdir='${exec_prefix}/libexec'
localedir='${datarootdir}/locale'
localstatedir='${prefix}/var'
mandir='${datarootdir}/man'
oldincludedir='/usr/include'
pdfdir='${docdir}'
prefix='/usr/local'
program_transform_name='s,x,x,'
psdir='${docdir}'
sbindir='${exec_prefix}/sbin'
sharedstatedir='${prefix}/com'
sysconfdir='${prefix}/etc'
target='i686-pc-linux-gnu'
target_alias=''
target_cpu='i686'
target_os='linux-gnu'
target_vendor='pc'
top_srcdir=''

## ----------- ##
## confdefs.h. ##
## ----------- ##

/* confdefs.h */
#define PACKAGE_NAME ""
#define PACKAGE_TARNAME ""
#define PACKAGE_VERSION ""
#define PACKAGE_STRING ""
#define PACKAGE_BUGREPORT ""
#define PACKAGE_URL ""
#define STDC_HEADERS 1
#define HAVE_SYS_TYPES_H 1
#define HAVE_SYS_STAT_H 1
#define HAVE_STDLIB_H 1
#define HAVE_STRING_H 1
#define HAVE_MEMORY_H 1
#define HAVE_STRINGS_H 1
#define HAVE_INTTYPES_H 1
#define HAVE_STDINT_H 1
#define HAVE_UNISTD_H 1
#define __EXTENSIONS__ 1
#define _ALL_SOURCE 1
#define _GNU_SOURCE 1
#define _POSIX_PTHREAD_SEMANTICS 1
#define _TANDEM_SOURCE 1
#define STDC_HEADERS 1
#define SIZEOF_CHAR 1
#define SIZEOF_SHORT 2
#define SIZEOF_INT 4
#define SIZEOF_LONG 4
#define SIZEOF_LONG_LONG 8
#define SIZEOF___INT64 0
#define SIZEOF_VOID_P 4
#define HAVE_VPRINTF 1
#define HAVE_STRDUP 1
#define HAVE_STRCASECMP 1

configure: exit 0
